[2026-03-02 13:22:26] === 市場レポート開始: 2026-03-02 13:22 JST ===
[2026-03-02 13:22:26] 市場データ取得中...
[2026-03-02 13:22:29] ポートフォリオデータ取得中...
[2026-03-02 13:22:33] 履歴データ取得中（チャート用）...
[2026-03-02 13:22:33] USD/JPY: 156.38
[2026-03-02 13:22:33] チャート生成中...
[2026-03-02 13:22:34] HTMLメール生成中...
[2026-03-02 13:22:34] メール送信中...
[2026-03-02 13:22:38] Slack webhook 未設定 → スキップ
[2026-03-02 13:22:38] === 完了 ===

[2026-03-02 13:55:15] === 市場レポート開始: 2026-03-02 13:55 JST ===
[2026-03-02 13:55:15] 市場データ取得中...
[2026-03-02 13:55:17] ポートフォリオデータ取得中...
[2026-03-02 13:55:19] 履歴データ取得中（チャート用）...
[2026-03-02 13:55:19] USD/JPY: 156.54
[2026-03-02 13:55:19] チャート生成中...
[2026-03-02 13:55:20] HTMLメール生成中...
[2026-03-02 13:55:20] メール送信中...
[2026-03-02 13:55:24] Slack webhook 未設定 → スキップ
[2026-03-02 13:55:24] === 完了 ===

[2026-03-02 13:55:38] === 市場レポート開始: 2026-03-02 13:55 JST ===
[2026-03-02 13:55:38] 市場データ取得中...
[2026-03-02 13:55:40] ポートフォリオデータ取得中...
[2026-03-02 13:55:42] 履歴データ取得中（チャート用）...
[2026-03-02 13:55:42] USD/JPY: 156.57
[2026-03-02 13:55:42] チャート生成中...
[2026-03-02 13:55:43] HTMLメール生成中...
[2026-03-02 13:55:43] メール送信中...
[2026-03-02 13:55:46] Slack webhook 未設定 → スキップ
[2026-03-02 13:55:46] === 完了 ===

[2026-03-02 14:16:20] === 市場レポート開始: 2026-03-02 14:16 JST ===
[2026-03-02 14:16:20] 市場データ取得中...
[2026-03-02 14:16:22] ポートフォリオデータ取得中...
[2026-03-02 14:16:24] 履歴データ取得中（チャート用）...
[2026-03-02 14:16:24] USD/JPY: 156.65
[2026-03-02 14:16:24] チャート生成中...
[2026-03-02 14:16:25] ニュース取得中...
[2026-03-02 14:16:26] ニュース取得件数: 5
[2026-03-02 14:16:26] HTMLメール生成中...
[2026-03-02 14:16:26] メール送信中...
[2026-03-02 14:16:30] Slack webhook 未設定 → スキップ
[2026-03-02 14:16:30] === 完了 ===

